Determining if the pthread_create exist failed with the following output:
Change Dir: /home/lab/Devel/projects/MTT/cpp/cmake-build-debug/CMakeFiles/CMakeTmp

Run Build Command:"/usr/bin/make" "cmTC_3303c/fast"
/usr/bin/make -f CMakeFiles/cmTC_3303c.dir/build.make CMakeFiles/cmTC_3303c.dir/build
make[1]: Entering directory '/home/lab/Devel/projects/MTT/cpp/cmake-build-debug/CMakeFiles/CMakeTmp'
Building C object CMakeFiles/cmTC_3303c.dir/CheckSymbolExists.c.o
/usr/bin/cc    -o CMakeFiles/cmTC_3303c.dir/CheckSymbolExists.c.o   -c /home/lab/Devel/projects/MTT/cpp/cmake-build-debug/CMakeFiles/CMakeTmp/CheckSymbolExists.c
Linking C executable cmTC_3303c
/home/lab/.local/share/JetBrains/Toolbox/apps/CLion/ch-0/183.4588.63/bin/cmake/linux/bin/cmake -E cmake_link_script CMakeFiles/cmTC_3303c.dir/link.txt --verbose=1
/usr/bin/cc      CMakeFiles/cmTC_3303c.dir/CheckSymbolExists.c.o  -o cmTC_3303c 
CMakeFiles/cmTC_3303c.dir/CheckSymbolExists.c.o: In function `main':
CheckSymbolExists.c:(.text+0x1b): undefined reference to `pthread_create'
collect2: error: ld returned 1 exit status
CMakeFiles/cmTC_3303c.dir/build.make:86: recipe for target 'cmTC_3303c' failed
make[1]: *** [cmTC_3303c] Error 1
make[1]: Leaving directory '/home/lab/Devel/projects/MTT/cpp/cmake-build-debug/CMakeFiles/CMakeTmp'
Makefile:121: recipe for target 'cmTC_3303c/fast' failed
make: *** [cmTC_3303c/fast] Error 2

File /home/lab/Devel/projects/MTT/cpp/cmake-build-debug/CMakeFiles/CMakeTmp/CheckSymbolExists.c:
/* */
#include <pthread.h>

int main(int argc, char** argv)
{
  (void)argv;
#ifndef pthread_create
  return ((int*)(&pthread_create))[argc];
#else
  (void)argc;
  return 0;
#endif
}

